"15:35:04.128 [main] INFO  log4j.fileLogger.Lec4_FileLogger - Click successful
""15:35:04.130 [main] WARN  log4j.fileLogger.Lec4_FileLogger - Click successful
""15:35:04.130 [main] DEBUG log4j.fileLogger.Lec4_FileLogger - Click successful
""15:35:04.131 [main] INFO  log4j.fileLogger.Lec4_FileLogger - Click successful
""15:35:04.131 [main] WARN  log4j.fileLogger.Lec4_FileLogger - Click successful
""15:35:04.131 [main] DEBUG log4j.fileLogger.Lec4_FileLogger - Click successful
""15:35:04.131 [main] INFO  log4j.fileLogger.Lec4_FileLogger - Click successful
""15:35:04.131 [main] WARN  log4j.fileLogger.Lec4_FileLogger - Click successful
""15:35:04.131 [main] DEBUG log4j.fileLogger.Lec4_FileLogger - Click successful
""15:35:25.818 [main] INFO  log4j.fileLogger.Lec4_FileLogger - Click successful
""15:35:25.821 [main] WARN  log4j.fileLogger.Lec4_FileLogger - Click successful
""15:35:25.821 [main] DEBUG log4j.fileLogger.Lec4_FileLogger - Click successful
""15:35:25.821 [main] INFO  log4j.fileLogger.Lec4_FileLogger - Click successful
""15:35:25.821 [main] WARN  log4j.fileLogger.Lec4_FileLogger - Click successful
""15:35:25.847 [main] DEBUG log4j.fileLogger.Lec4_FileLogger - Click successful
""15:35:25.847 [main] INFO  log4j.fileLogger.Lec4_FileLogger - Click successful
""15:35:25.847 [main] WARN  log4j.fileLogger.Lec4_FileLogger - Click successful
""15:35:25.847 [main] DEBUG log4j.fileLogger.Lec4_FileLogger - Click successful
""15:36:06.303 [main] INFO  log4j.fileLogger.Lec4_FileLogger - Click successful
""15:36:06.331 [main] WARN  log4j.fileLogger.Lec4_FileLogger - Click successful
""15:36:06.331 [main] DEBUG log4j.fileLogger.Lec4_FileLogger - Click successful
""15:36:06.331 [main] INFO  log4j.fileLogger.Lec4_FileLogger - Click successful
""15:36:06.331 [main] WARN  log4j.fileLogger.Lec4_FileLogger - Click successful
""15:36:06.332 [main] DEBUG log4j.fileLogger.Lec4_FileLogger - Click successful
""15:36:06.332 [main] INFO  log4j.fileLogger.Lec4_FileLogger - Click successful
""15:36:06.332 [main] WARN  log4j.fileLogger.Lec4_FileLogger - Click successful
""15:36:06.332 [main] DEBUG log4j.fileLogger.Lec4_FileLogger - Click successful
"