[2023-Oct-14 08:30:46,     0]DEBUG      0[main](Log4jDemo.java:40) - This is a DEBUG message.
[2023-Oct-14 08:30:46,     4]INFO       4[main](Log4jDemo.java:41) - This is an INFO message.
[2023-Oct-14 08:30:46,     4]WARN       4[main](Log4jDemo.java:42) - This is a WARN message.
[2023-Oct-14 08:30:46,     4]ERROR      4[main](Log4jDemo.java:43) - This is an ERROR message.
[2023-Oct-14 08:30:46,     5]FATAL      5[main](Log4jDemo.java:44) - This is a FATAL message.
[2023-Oct-14 08:30:46,     5]DEBUG      5[main](Log4jDemo.java:40) - This is a DEBUG message.
[2023-Oct-14 08:30:46,     5]INFO       5[main](Log4jDemo.java:41) - This is an INFO message.
[2023-Oct-14 08:30:46,     6]WARN       6[main](Log4jDemo.java:42) - This is a WARN message.
[2023-Oct-14 08:30:46,     6]ERROR      6[main](Log4jDemo.java:43) - This is an ERROR message.
[2023-Oct-14 08:30:46,     7]FATAL      7[main](Log4jDemo.java:44) - This is a FATAL message.
[2023-Oct-14 08:30:46,     7]DEBUG      7[main](Log4jDemo.java:40) - This is a DEBUG message.
[2023-Oct-14 08:30:46,     8]INFO       8[main](Log4jDemo.java:41) - This is an INFO message.
[2023-Oct-14 08:30:46,     8]WARN       8[main](Log4jDemo.java:42) - This is a WARN message.
[2023-Oct-14 08:30:46,     8]ERROR      8[main](Log4jDemo.java:43) - This is an ERROR message.
[2023-Oct-14 08:30:46,     8]FATAL      8[main](Log4jDemo.java:44) - This is a FATAL message.
[2023-Oct-14 08:30:46,     8]DEBUG      8[main](Log4jDemo.java:40) - This is a DEBUG message.
[2023-Oct-14 08:30:46,     9]INFO       9[main](Log4jDemo.java:41) - This is an INFO message.
[2023-Oct-14 08:30:46,     9]WARN       9[main](Log4jDemo.java:42) - This is a WARN message.
[2023-Oct-14 08:30:46,    10]ERROR     10[main](Log4jDemo.java:43) - This is an ERROR message.
[2023-Oct-14 08:30:46,    10]FATAL     10[main](Log4jDemo.java:44) - This is a FATAL message.
[2023-Oct-14 08:30:46,    10]DEBUG     10[main](Log4jDemo.java:40) - This is a DEBUG message.
[2023-Oct-14 08:30:46,    10]INFO      10[main](Log4jDemo.java:41) - This is an INFO message.
[2023-Oct-14 08:30:46,    11]WARN      11[main](Log4jDemo.java:42) - This is a WARN message.
[2023-Oct-14 08:30:46,    11]ERROR     11[main](Log4jDemo.java:43) - This is an ERROR message.
[2023-Oct-14 08:30:46,    12]FATAL     12[main](Log4jDemo.java:44) - This is a FATAL message.
[2023-Oct-14 08:30:46,    12]DEBUG     12[main](Log4jDemo.java:40) - This is a DEBUG message.
[2023-Oct-14 08:30:46,    12]INFO      12[main](Log4jDemo.java:41) - This is an INFO message.
[2023-Oct-14 08:30:46,    12]WARN      12[main](Log4jDemo.java:42) - This is a WARN message.
[2023-Oct-14 08:30:46,    13]ERROR     13[main](Log4jDemo.java:43) - This is an ERROR message.
[2023-Oct-14 08:30:46,    13]FATAL     13[main](Log4jDemo.java:44) - This is a FATAL message.
[2023-Oct-14 08:30:46,    14]DEBUG     14[main](Log4jDemo.java:40) - This is a DEBUG message.
[2023-Oct-14 08:30:46,    14]INFO      14[main](Log4jDemo.java:41) - This is an INFO message.
[2023-Oct-14 08:30:46,    16]WARN      16[main](Log4jDemo.java:42) - This is a WARN message.
[2023-Oct-14 08:30:46,    17]ERROR     17[main](Log4jDemo.java:43) - This is an ERROR message.
[2023-Oct-14 08:30:46,    17]FATAL     17[main](Log4jDemo.java:44) - This is a FATAL message.
[2023-Oct-14 08:30:46,    17]DEBUG     17[main](Log4jDemo.java:40) - This is a DEBUG message.
[2023-Oct-14 08:30:46,    17]INFO      17[main](Log4jDemo.java:41) - This is an INFO message.
[2023-Oct-14 08:30:46,    18]WARN      18[main](Log4jDemo.java:42) - This is a WARN message.
[2023-Oct-14 08:30:46,    18]ERROR     18[main](Log4jDemo.java:43) - This is an ERROR message.
[2023-Oct-14 08:30:46,    18]FATAL     18[main](Log4jDemo.java:44) - This is a FATAL message.
[2023-Oct-14 08:30:46,    18]DEBUG     18[main](Log4jDemo.java:40) - This is a DEBUG message.
[2023-Oct-14 08:30:46,    19]INFO      19[main](Log4jDemo.java:41) - This is an INFO message.
[2023-Oct-14 08:30:46,    19]WARN      19[main](Log4jDemo.java:42) - This is a WARN message.
[2023-Oct-14 08:30:46,    20]ERROR     20[main](Log4jDemo.java:43) - This is an ERROR message.
[2023-Oct-14 08:30:46,    20]FATAL     20[main](Log4jDemo.java:44) - This is a FATAL message.
[2023-Oct-14 08:30:46,    20]DEBUG     20[main](Log4jDemo.java:40) - This is a DEBUG message.
[2023-Oct-14 08:30:46,    20]INFO      20[main](Log4jDemo.java:41) - This is an INFO message.
[2023-Oct-14 08:30:46,    20]WARN      20[main](Log4jDemo.java:42) - This is a WARN message.
[2023-Oct-14 08:30:46,    20]ERROR     20[main](Log4jDemo.java:43) - This is an ERROR message.
[2023-Oct-14 08:30:46,    21]FATAL     21[main](Log4jDemo.java:44) - This is a FATAL message.
